0 info it worked if it ends with ok
1 verbose cli [ '/usr/bin/node', '/usr/bin/npm', 'install', '-g', 'node-dev' ]
2 info using npm@1.4.28
3 info using node@v0.10.38
4 verbose node symlink /usr/bin/node
5 verbose cache add [ 'node-dev', null ]
6 verbose cache add name=undefined spec="node-dev" args=["node-dev",null]
7 verbose parsed url { protocol: null,
7 verbose parsed url   slashes: null,
7 verbose parsed url   auth: null,
7 verbose parsed url   host: null,
7 verbose parsed url   port: null,
7 verbose parsed url   hostname: null,
7 verbose parsed url   hash: null,
7 verbose parsed url   search: null,
7 verbose parsed url   query: null,
7 verbose parsed url   pathname: 'node-dev',
7 verbose parsed url   path: 'node-dev',
7 verbose parsed url   href: 'node-dev' }
8 silly lockFile c62b500c-node-dev node-dev
9 verbose lock node-dev /home/vsaravag/.npm/c62b500c-node-dev.lock
10 silly lockFile c62b500c-node-dev node-dev
11 silly lockFile c62b500c-node-dev node-dev
12 verbose addNamed [ 'node-dev', '' ]
13 verbose addNamed [ null, '*' ]
14 silly lockFile 2552a2f1-node-dev node-dev@
15 verbose lock node-dev@ /home/vsaravag/.npm/2552a2f1-node-dev.lock
16 silly addNameRange { name: 'node-dev', range: '*', hasData: false }
17 verbose request where is /node-dev
18 verbose request registry https://registry.npmjs.org/
19 verbose request id b675e95ec26cf85c
20 verbose url raw /node-dev
21 verbose url resolving [ 'https://registry.npmjs.org/', './node-dev' ]
22 verbose url resolved https://registry.npmjs.org/node-dev
23 verbose request where is https://registry.npmjs.org/node-dev
24 info trying registry request attempt 1 at 19:47:31
25 verbose etag "BP99XWRIZUYDWF3HDV6PX5F7L"
26 http GET https://registry.npmjs.org/node-dev
27 http 304 https://registry.npmjs.org/node-dev
28 silly registry.get cb [ 304,
28 silly registry.get   { date: 'Tue, 09 Jun 2015 23:47:32 GMT',
28 silly registry.get     via: '1.1 varnish',
28 silly registry.get     'cache-control': 'max-age=60',
28 silly registry.get     etag: '"BP99XWRIZUYDWF3HDV6PX5F7L"',
28 silly registry.get     age: '34',
28 silly registry.get     connection: 'keep-alive',
28 silly registry.get     'x-served-by': 'cache-atl6228-ATL',
28 silly registry.get     'x-cache': 'HIT',
28 silly registry.get     'x-cache-hits': '1',
28 silly registry.get     'x-timer': 'S1433893652.025434,VS0,VE1',
28 silly registry.get     vary: 'Accept' } ]
29 verbose etag https://registry.npmjs.org/node-dev from cache
30 silly addNameRange number 2 { name: 'node-dev', range: '*', hasData: true }
31 silly addNameRange versions [ 'node-dev',
31 silly addNameRange   [ '0.1.3',
31 silly addNameRange     '0.1.4',
31 silly addNameRange     '0.1.5',
31 silly addNameRange     '0.1.6',
31 silly addNameRange     '0.1.8',
31 silly addNameRange     '0.1.9',
31 silly addNameRange     '0.2.0',
31 silly addNameRange     '0.2.1',
31 silly addNameRange     '0.2.2',
31 silly addNameRange     '0.2.3',
31 silly addNameRange     '0.2.4',
31 silly addNameRange     '0.2.5',
31 silly addNameRange     '0.2.6',
31 silly addNameRange     '0.2.7',
31 silly addNameRange     '0.2.8',
31 silly addNameRange     '0.2.9',
31 silly addNameRange     '0.2.10',
31 silly addNameRange     '0.3.0',
31 silly addNameRange     '2.0.0',
31 silly addNameRange     '2.0.1',
31 silly addNameRange     '2.0.2',
31 silly addNameRange     '2.1.0',
31 silly addNameRange     '2.1.1',
31 silly addNameRange     '2.1.2',
31 silly addNameRange     '2.1.3',
31 silly addNameRange     '2.1.4',
31 silly addNameRange     '2.1.5',
31 silly addNameRange     '2.1.6',
31 silly addNameRange     '2.2.0',
31 silly addNameRange     '2.3.0',
31 silly addNameRange     '2.4.0',
31 silly addNameRange     '2.4.1',
31 silly addNameRange     '2.5.0',
31 silly addNameRange     '2.6.0',
31 silly addNameRange     '2.6.1',
31 silly addNameRange     '2.6.2' ] ]
32 verbose addNamed [ 'node-dev', '2.6.2' ]
33 verbose addNamed [ '2.6.2', '2.6.2' ]
34 silly lockFile 1317b8cf-node-dev-2-6-2 node-dev@2.6.2
35 verbose lock node-dev@2.6.2 /home/vsaravag/.npm/1317b8cf-node-dev-2-6-2.lock
36 silly lockFile 1317b8cf-node-dev-2-6-2 node-dev@2.6.2
37 silly lockFile 1317b8cf-node-dev-2-6-2 node-dev@2.6.2
38 silly lockFile 2552a2f1-node-dev node-dev@
39 silly lockFile 2552a2f1-node-dev node-dev@
40 silly resolved [ { name: 'node-dev',
40 silly resolved     version: '2.6.2',
40 silly resolved     description: 'Restarts your app when files are modified',
40 silly resolved     keywords: [ 'restart', 'reload', 'supervisor', 'monitor', 'watch' ],
40 silly resolved     author: { name: 'Felix Gnass' },
40 silly resolved     repository: { type: 'git', url: 'http://github.com/fgnass/node-dev.git' },
40 silly resolved     license: 'MIT',
40 silly resolved     bin: { 'node-dev': './bin/node-dev' },
40 silly resolved     main: './lib',
40 silly resolved     preferGlobal: true,
40 silly resolved     engines: { node: '>=0.8.0' },
40 silly resolved     scripts: { test: 'node test' },
40 silly resolved     dependencies:
40 silly resolved      { dateformat: '~1.0.4-1.2.3',
40 silly resolved        'dynamic-dedupe': '^0.2.0',
40 silly resolved        filewatcher: '~1.1.1',
40 silly resolved        'node-notifier': '^4.0.2',
40 silly resolved        resolve: '^1.0.0' },
40 silly resolved     devDependencies: { 'coffee-script': '^1.8.0', tap: '^0.4.13' },
40 silly resolved     gitHead: '18192c043f25024c97f59bb2df6bb737f1f525e6',
40 silly resolved     bugs: { url: 'https://github.com/fgnass/node-dev/issues' },
40 silly resolved     homepage: 'https://github.com/fgnass/node-dev',
40 silly resolved     _id: 'node-dev@2.6.2',
40 silly resolved     _shasum: '4bcafcd661c9585c6842f40fef449ee8e55aaf8c',
40 silly resolved     _from: 'node-dev@',
40 silly resolved     _npmVersion: '2.9.1',
40 silly resolved     _nodeVersion: '0.12.3',
40 silly resolved     _npmUser: { name: 'fgnass', email: 'fgnass@gmail.com' },
40 silly resolved     maintainers: [ [Object] ],
40 silly resolved     dist:
40 silly resolved      { shasum: '4bcafcd661c9585c6842f40fef449ee8e55aaf8c',
40 silly resolved        tarball: 'http://registry.npmjs.org/node-dev/-/node-dev-2.6.2.tgz' },
40 silly resolved     directories: {},
40 silly resolved     _resolved: 'https://registry.npmjs.org/node-dev/-/node-dev-2.6.2.tgz',
40 silly resolved     readme: 'ERROR: No README data found!' } ]
41 info install node-dev@2.6.2 into /usr/lib
42 info installOne node-dev@2.6.2
43 verbose lib/node_modules/node-dev unbuild
44 verbose tar unpack /home/vsaravag/.npm/node-dev/2.6.2/package.tgz
45 silly lockFile 6a09cdf2-ar-usr-lib-node-modules-node-dev tar:///usr/lib/node_modules/node-dev
46 verbose lock tar:///usr/lib/node_modules/node-dev /home/vsaravag/.npm/6a09cdf2-ar-usr-lib-node-modules-node-dev.lock
47 silly lockFile addf8a29-g-npm-node-dev-2-6-2-package-tgz tar:///home/vsaravag/.npm/node-dev/2.6.2/package.tgz
48 verbose lock tar:///home/vsaravag/.npm/node-dev/2.6.2/package.tgz /home/vsaravag/.npm/addf8a29-g-npm-node-dev-2-6-2-package-tgz.lock
49 silly gunzTarPerm modes [ '775', '664' ]
50 error Error: EACCES, mkdir '/usr/lib/node_modules/node-dev'
50 error  { [Error: EACCES, mkdir '/usr/lib/node_modules/node-dev']
50 error   errno: 3,
50 error   code: 'EACCES',
50 error   path: '/usr/lib/node_modules/node-dev',
50 error   fstream_type: 'Directory',
50 error   fstream_path: '/usr/lib/node_modules/node-dev',
50 error   fstream_class: 'DirWriter',
50 error   fstream_stack:
50 error    [ '/usr/lib/node_modules/npm/node_modules/fstream/lib/dir-writer.js:36:23',
50 error      '/usr/lib/node_modules/npm/node_modules/mkdirp/index.js:46:53',
50 error      'Object.oncomplete (fs.js:108:15)' ] }
51 error Please try running this command again as root/Administrator.
52 error System Linux 3.16.0-38-generic
53 error command "/usr/bin/node" "/usr/bin/npm" "install" "-g" "node-dev"
54 error cwd /home/vsaravag/Documents/RA/TearableCloth_Partitioned
55 error node -v v0.10.38
56 error npm -v 1.4.28
57 error path /usr/lib/node_modules/node-dev
58 error fstream_path /usr/lib/node_modules/node-dev
59 error fstream_type Directory
60 error fstream_class DirWriter
61 error code EACCES
62 error errno 3
63 error stack Error: EACCES, mkdir '/usr/lib/node_modules/node-dev'
64 error fstream_stack /usr/lib/node_modules/npm/node_modules/fstream/lib/dir-writer.js:36:23
64 error fstream_stack /usr/lib/node_modules/npm/node_modules/mkdirp/index.js:46:53
64 error fstream_stack Object.oncomplete (fs.js:108:15)
65 verbose exit [ 3, true ]
